<?xml version="1.0" encoding="UTF-8"?>
<testsuite xmlns:xsi="http://www.w3.org/2001/XMLSchema-instance" xsi:noNamespaceSchemaLocation="https://maven.apache.org/surefire/maven-surefire-plugin/xsd/surefire-test-report-3.0.xsd" version="3.0" name="org.assimbly.docconverter.DocConverterTest" time="0.268" tests="2" errors="0" skipped="0" failures="0">
  <properties>
    <property name="java.specification.version" value="21"/>
    <property name="sun.cpu.isalist" value="amd64"/>
    <property name="sun.jnu.encoding" value="Cp1252"/>
    <property name="java.class.path" value="D:\intellij\workspace\docconverter\target\test-classes;D:\intellij\workspace\docconverter\target\classes;C:\Users\Raymond\.m2\repository\org\apache\commons\commons-collections4\4.4\commons-collections4-4.4.jar;C:\Users\Raymond\.m2\repository\commons-io\commons-io\2.18.0\commons-io-2.18.0.jar;C:\Users\Raymond\.m2\repository\com\fasterxml\jackson\core\jackson-core\2.18.2\jackson-core-2.18.2.jar;C:\Users\Raymond\.m2\repository\com\fasterxml\jackson\core\jackson-databind\2.18.2\jackson-databind-2.18.2.jar;C:\Users\Raymond\.m2\repository\com\fasterxml\jackson\core\jackson-annotations\2.18.2\jackson-annotations-2.18.2.jar;C:\Users\Raymond\.m2\repository\com\fasterxml\jackson\dataformat\jackson-dataformat-csv\2.18.2\jackson-dataformat-csv-2.18.2.jar;C:\Users\Raymond\.m2\repository\com\fasterxml\jackson\dataformat\jackson-dataformat-yaml\2.18.2\jackson-dataformat-yaml-2.18.2.jar;C:\Users\Raymond\.m2\repository\org\yaml\snakeyaml\2.3\snakeyaml-2.3.jar;C:\Users\Raymond\.m2\repository\com\fasterxml\jackson\dataformat\jackson-dataformat-xml\2.18.2\jackson-dataformat-xml-2.18.2.jar;C:\Users\Raymond\.m2\repository\org\codehaus\woodstox\stax2-api\4.2.2\stax2-api-4.2.2.jar;C:\Users\Raymond\.m2\repository\com\fasterxml\woodstox\woodstox-core\7.0.0\woodstox-core-7.0.0.jar;C:\Users\Raymond\.m2\repository\org\json\json\20240303\json-20240303.jar;C:\Users\Raymond\.m2\repository\com\opencsv\opencsv\5.9\opencsv-5.9.jar;C:\Users\Raymond\.m2\repository\org\apache\commons\commons-lang3\3.13.0\commons-lang3-3.13.0.jar;C:\Users\Raymond\.m2\repository\org\apache\commons\commons-text\1.11.0\commons-text-1.11.0.jar;C:\Users\Raymond\.m2\repository\commons-beanutils\commons-beanutils\1.9.4\commons-beanutils-1.9.4.jar;C:\Users\Raymond\.m2\repository\commons-logging\commons-logging\1.2\commons-logging-1.2.jar;C:\Users\Raymond\.m2\repository\commons-collections\commons-collections\3.2.2\commons-collections-3.2.2.jar;C:\Users\Raymond\.m2\repository\org\simpleflatmapper\sfm-csv\9.0.2\sfm-csv-9.0.2.jar;C:\Users\Raymond\.m2\repository\org\simpleflatmapper\lightning-csv\9.0.2\lightning-csv-9.0.2.jar;C:\Users\Raymond\.m2\repository\org\simpleflatmapper\ow2-asm\9.0.2\ow2-asm-9.0.2.jar;C:\Users\Raymond\.m2\repository\org\simpleflatmapper\sfm-util\9.0.2\sfm-util-9.0.2.jar;C:\Users\Raymond\.m2\repository\org\simpleflatmapper\sfm-map\9.0.2\sfm-map-9.0.2.jar;C:\Users\Raymond\.m2\repository\org\simpleflatmapper\sfm-reflect\9.0.2\sfm-reflect-9.0.2.jar;C:\Users\Raymond\.m2\repository\org\simpleflatmapper\sfm-converter\9.0.2\sfm-converter-9.0.2.jar;C:\Users\Raymond\.m2\repository\org\simpleflatmapper\sfm-tuples\9.0.2\sfm-tuples-9.0.2.jar;C:\Users\Raymond\.m2\repository\com\univocity\univocity-parsers\2.9.1\univocity-parsers-2.9.1.jar;C:\Users\Raymond\.m2\repository\xerces\xercesImpl\2.12.2\xercesImpl-2.12.2.jar;C:\Users\Raymond\.m2\repository\xml-apis\xml-apis\1.4.01\xml-apis-1.4.01.jar;C:\Users\Raymond\.m2\repository\com\thoughtworks\xstream\xstream\1.4.21\xstream-1.4.21.jar;C:\Users\Raymond\.m2\repository\io\github\x-stream\mxparser\1.2.2\mxparser-1.2.2.jar;C:\Users\Raymond\.m2\repository\xmlpull\xmlpull\1.1.3.1\xmlpull-1.1.3.1.jar;C:\Users\Raymond\.m2\repository\org\junit\jupiter\junit-jupiter-api\5.11.3\junit-jupiter-api-5.11.3.jar;C:\Users\Raymond\.m2\repository\org\opentest4j\opentest4j\1.3.0\opentest4j-1.3.0.jar;C:\Users\Raymond\.m2\repository\org\junit\platform\junit-platform-commons\1.11.3\junit-platform-commons-1.11.3.jar;C:\Users\Raymond\.m2\repository\org\apiguardian\apiguardian-api\1.1.2\apiguardian-api-1.1.2.jar;C:\Users\Raymond\.m2\repository\org\skyscreamer\jsonassert\1.5.3\jsonassert-1.5.3.jar;C:\Users\Raymond\.m2\repository\com\vaadin\external\google\android-json\0.0.20131108.vaadin1\android-json-0.0.20131108.vaadin1.jar;C:\Users\Raymond\.m2\repository\org\xmlunit\xmlunit-core\2.10.0\xmlunit-core-2.10.0.jar;C:\Users\Raymond\.m2\repository\jakarta\xml\bind\jakarta.xml.bind-api\2.3.3\jakarta.xml.bind-api-2.3.3.jar;C:\Users\Raymond\.m2\repository\jakarta\activation\jakarta.activation-api\1.2.2\jakarta.activation-api-1.2.2.jar;C:\Users\Raymond\.m2\repository\org\xmlunit\xmlunit-assertj\2.10.0\xmlunit-assertj-2.10.0.jar;C:\Users\Raymond\.m2\repository\org\assertj\assertj-core\2.9.0\assertj-core-2.9.0.jar;C:\Users\Raymond\.m2\repository\net\bytebuddy\byte-buddy\1.10.10\byte-buddy-1.10.10.jar;"/>
    <property name="java.vm.vendor" value="Oracle Corporation"/>
    <property name="sun.arch.data.model" value="64"/>
    <property name="user.variant" value=""/>
    <property name="java.vendor.url" value="https://java.oracle.com/"/>
    <property name="user.timezone" value="Europe/Amsterdam"/>
    <property name="user.country.format" value="NL"/>
    <property name="os.name" value="Windows 11"/>
    <property name="java.vm.specification.version" value="21"/>
    <property name="sun.java.launcher" value="SUN_STANDARD"/>
    <property name="user.country" value="US"/>
    <property name="sun.boot.library.path" value="D:\test\JDKS3\graalvm-jdk-21.0.4+8.1\bin"/>
    <property name="sun.java.command" value="C:\Users\Raymond\AppData\Local\Temp\surefire3174085844303921638\surefirebooter-20241202090614620_3.jar C:\Users\Raymond\AppData\Local\Temp\surefire3174085844303921638 2024-12-02T09-06-14_525-jvmRun1 surefire-20241202090614620_1tmp surefire_0-20241202090614620_2tmp"/>
    <property name="jdk.debug" value="release"/>
    <property name="surefire.test.class.path" value="D:\intellij\workspace\docconverter\target\test-classes;D:\intellij\workspace\docconverter\target\classes;C:\Users\Raymond\.m2\repository\org\apache\commons\commons-collections4\4.4\commons-collections4-4.4.jar;C:\Users\Raymond\.m2\repository\commons-io\commons-io\2.18.0\commons-io-2.18.0.jar;C:\Users\Raymond\.m2\repository\com\fasterxml\jackson\core\jackson-core\2.18.2\jackson-core-2.18.2.jar;C:\Users\Raymond\.m2\repository\com\fasterxml\jackson\core\jackson-databind\2.18.2\jackson-databind-2.18.2.jar;C:\Users\Raymond\.m2\repository\com\fasterxml\jackson\core\jackson-annotations\2.18.2\jackson-annotations-2.18.2.jar;C:\Users\Raymond\.m2\repository\com\fasterxml\jackson\dataformat\jackson-dataformat-csv\2.18.2\jackson-dataformat-csv-2.18.2.jar;C:\Users\Raymond\.m2\repository\com\fasterxml\jackson\dataformat\jackson-dataformat-yaml\2.18.2\jackson-dataformat-yaml-2.18.2.jar;C:\Users\Raymond\.m2\repository\org\yaml\snakeyaml\2.3\snakeyaml-2.3.jar;C:\Users\Raymond\.m2\repository\com\fasterxml\jackson\dataformat\jackson-dataformat-xml\2.18.2\jackson-dataformat-xml-2.18.2.jar;C:\Users\Raymond\.m2\repository\org\codehaus\woodstox\stax2-api\4.2.2\stax2-api-4.2.2.jar;C:\Users\Raymond\.m2\repository\com\fasterxml\woodstox\woodstox-core\7.0.0\woodstox-core-7.0.0.jar;C:\Users\Raymond\.m2\repository\org\json\json\20240303\json-20240303.jar;C:\Users\Raymond\.m2\repository\com\opencsv\opencsv\5.9\opencsv-5.9.jar;C:\Users\Raymond\.m2\repository\org\apache\commons\commons-lang3\3.13.0\commons-lang3-3.13.0.jar;C:\Users\Raymond\.m2\repository\org\apache\commons\commons-text\1.11.0\commons-text-1.11.0.jar;C:\Users\Raymond\.m2\repository\commons-beanutils\commons-beanutils\1.9.4\commons-beanutils-1.9.4.jar;C:\Users\Raymond\.m2\repository\commons-logging\commons-logging\1.2\commons-logging-1.2.jar;C:\Users\Raymond\.m2\repository\commons-collections\commons-collections\3.2.2\commons-collections-3.2.2.jar;C:\Users\Raymond\.m2\repository\org\simpleflatmapper\sfm-csv\9.0.2\sfm-csv-9.0.2.jar;C:\Users\Raymond\.m2\repository\org\simpleflatmapper\lightning-csv\9.0.2\lightning-csv-9.0.2.jar;C:\Users\Raymond\.m2\repository\org\simpleflatmapper\ow2-asm\9.0.2\ow2-asm-9.0.2.jar;C:\Users\Raymond\.m2\repository\org\simpleflatmapper\sfm-util\9.0.2\sfm-util-9.0.2.jar;C:\Users\Raymond\.m2\repository\org\simpleflatmapper\sfm-map\9.0.2\sfm-map-9.0.2.jar;C:\Users\Raymond\.m2\repository\org\simpleflatmapper\sfm-reflect\9.0.2\sfm-reflect-9.0.2.jar;C:\Users\Raymond\.m2\repository\org\simpleflatmapper\sfm-converter\9.0.2\sfm-converter-9.0.2.jar;C:\Users\Raymond\.m2\repository\org\simpleflatmapper\sfm-tuples\9.0.2\sfm-tuples-9.0.2.jar;C:\Users\Raymond\.m2\repository\com\univocity\univocity-parsers\2.9.1\univocity-parsers-2.9.1.jar;C:\Users\Raymond\.m2\repository\xerces\xercesImpl\2.12.2\xercesImpl-2.12.2.jar;C:\Users\Raymond\.m2\repository\xml-apis\xml-apis\1.4.01\xml-apis-1.4.01.jar;C:\Users\Raymond\.m2\repository\com\thoughtworks\xstream\xstream\1.4.21\xstream-1.4.21.jar;C:\Users\Raymond\.m2\repository\io\github\x-stream\mxparser\1.2.2\mxparser-1.2.2.jar;C:\Users\Raymond\.m2\repository\xmlpull\xmlpull\1.1.3.1\xmlpull-1.1.3.1.jar;C:\Users\Raymond\.m2\repository\org\junit\jupiter\junit-jupiter-api\5.11.3\junit-jupiter-api-5.11.3.jar;C:\Users\Raymond\.m2\repository\org\opentest4j\opentest4j\1.3.0\opentest4j-1.3.0.jar;C:\Users\Raymond\.m2\repository\org\junit\platform\junit-platform-commons\1.11.3\junit-platform-commons-1.11.3.jar;C:\Users\Raymond\.m2\repository\org\apiguardian\apiguardian-api\1.1.2\apiguardian-api-1.1.2.jar;C:\Users\Raymond\.m2\repository\org\skyscreamer\jsonassert\1.5.3\jsonassert-1.5.3.jar;C:\Users\Raymond\.m2\repository\com\vaadin\external\google\android-json\0.0.20131108.vaadin1\android-json-0.0.20131108.vaadin1.jar;C:\Users\Raymond\.m2\repository\org\xmlunit\xmlunit-core\2.10.0\xmlunit-core-2.10.0.jar;C:\Users\Raymond\.m2\repository\jakarta\xml\bind\jakarta.xml.bind-api\2.3.3\jakarta.xml.bind-api-2.3.3.jar;C:\Users\Raymond\.m2\repository\jakarta\activation\jakarta.activation-api\1.2.2\jakarta.activation-api-1.2.2.jar;C:\Users\Raymond\.m2\repository\org\xmlunit\xmlunit-assertj\2.10.0\xmlunit-assertj-2.10.0.jar;C:\Users\Raymond\.m2\repository\org\assertj\assertj-core\2.9.0\assertj-core-2.9.0.jar;C:\Users\Raymond\.m2\repository\net\bytebuddy\byte-buddy\1.10.10\byte-buddy-1.10.10.jar;"/>
    <property name="sun.cpu.endian" value="little"/>
    <property name="user.home" value="C:\Users\Raymond"/>
    <property name="user.language" value="en"/>
    <property name="java.specification.vendor" value="Oracle Corporation"/>
    <property name="java.version.date" value="2024-07-16"/>
    <property name="java.home" value="D:\test\JDKS3\graalvm-jdk-21.0.4+8.1"/>
    <property name="file.separator" value="\"/>
    <property name="basedir" value="D:\intellij\workspace\docconverter"/>
    <property name="java.vm.compressedOopsMode" value="Zero based"/>
    <property name="jdk.internal.vm.ci.enabled" value="true"/>
    <property name="line.separator" value="&#10;"/>
    <property name="java.vm.specification.vendor" value="Oracle Corporation"/>
    <property name="java.specification.name" value="Java Platform API Specification"/>
    <property name="surefire.real.class.path" value="C:\Users\Raymond\AppData\Local\Temp\surefire3174085844303921638\surefirebooter-20241202090614620_3.jar"/>
    <property name="user.script" value=""/>
    <property name="sun.management.compiler" value="HotSpot 64-Bit Tiered Compilers"/>
    <property name="java.runtime.version" value="21.0.4+8-LTS-jvmci-23.1-b41"/>
    <property name="user.name" value="Raymond"/>
    <property name="stdout.encoding" value="Cp1252"/>
    <property name="path.separator" value=";"/>
    <property name="os.version" value="10.0"/>
    <property name="java.runtime.name" value="Java(TM) SE Runtime Environment"/>
    <property name="file.encoding" value="UTF-8"/>
    <property name="java.vm.name" value="Java HotSpot(TM) 64-Bit Server VM"/>
    <property name="java.vendor.version" value="Oracle GraalVM 21.0.4+8.1"/>
    <property name="localRepository" value="C:\Users\Raymond\.m2\repository"/>
    <property name="java.vendor.url.bug" value="https://bugreport.java.com/bugreport/"/>
    <property name="java.io.tmpdir" value="C:\Users\Raymond\AppData\Local\Temp\"/>
    <property name="java.version" value="21.0.4"/>
    <property name="user.dir" value="D:\intellij\workspace\docconverter"/>
    <property name="os.arch" value="amd64"/>
    <property name="java.vm.specification.name" value="Java Virtual Machine Specification"/>
    <property name="sun.os.patch.level" value=""/>
    <property name="native.encoding" value="Cp1252"/>
    <property name="java.library.path" value="D:\test\JDKS3\graalvm-jdk-21.0.4+8.1\bin;C:\WINDOWS\Sun\Java\bin;C:\WINDOWS\system32;C:\WINDOWS;C:\Users\Raymond\bin;C:\Program Files\Git\mingw64\bin;C:\Program Files\Git\usr\local\bin;C:\Program Files\Git\usr\bin;C:\Program Files\Git\usr\bin;C:\Program Files\Git\mingw64\bin;C:\Program Files\Git\usr\bin;C:\Users\Raymond\bin;C:\Users\Raymond\AppData\Local\Programs\cursor\resources\app\bin;D:\test\JDKS3\graalvm-jdk-21.0.4+8.1\bin;C:\WINDOWS\system32;C:\WINDOWS;C:\WINDOWS\System32\Wbem;C:\WINDOWS\System32\WindowsPowerShell\v1.0;C:\WINDOWS\System32\OpenSSH;C:\Program Files\dotnet;C:\Program Files\Git\cmd;C:\Program Files\apache-maven-3.9.5\bin;C:\Users\Raymond\AppData\Local\Programs\Python\Launcher;C:\Users\Raymond\AppData\Local\Microsoft\WindowsApps;C:\Program Files\JetBrains\IntelliJ IDEA Community Edition 2022.2.1\bin;C:\Users\Raymond\.dotnet\tools;C:\Users\Raymond\AppData\Local\GitHubDesktop\bin;C:\Users\Raymond\AppData\Roaming\npm;C:\Users\Raymond\AppData\Local\Programs\cursor\resources\app\bin;C:\Program Files\nodejs;C:\Program Files\Docker\Docker\resources\bin;C:\Users\Raymond\AppData\Local\Programs\Python\Launcher;C:\Users\Raymond\AppData\Local\Microsoft\WindowsApps;C:\Program Files\JetBrains\IntelliJ IDEA Community Edition 2022.2.1\bin;C:\Users\Raymond\AppData\Local\Programs\Microsoft VS Code\bin;C:\Users\Raymond\.dotnet\tools;C:\Users\Raymond\AppData\Local\GitHubDesktop\bin;C:\Users\Raymond\AppData\Roaming\npm;C:\Program Files\Git\usr\bin\vendor_perl;C:\Program Files\Git\usr\bin\core_perl;."/>
    <property name="java.vm.info" value="mixed mode, sharing"/>
    <property name="stderr.encoding" value="Cp1252"/>
    <property name="java.vendor" value="Oracle Corporation"/>
    <property name="java.vm.version" value="21.0.4+8-LTS-jvmci-23.1-b41"/>
    <property name="sun.io.unicode.encoding" value="UnicodeLittle"/>
    <property name="java.class.version" value="65.0"/>
  </properties>
  <testcase name="convertXmlToJson" classname="org.assimbly.docconverter.DocConverterTest" time="0.173"/>
  <testcase name="convertJsonToXml" classname="org.assimbly.docconverter.DocConverterTest" time="0.079"/>
</testsuite>